<?xml version="1.0" encoding="UTF-8"?>
<!-- Generated by org.testng.reporters.JUnitReportReporter -->
<testsuite hostname="komp-ой" name="ru.st.selenium.SignUp" tests="1" failures="0" timestamp="30 Apr 2013 19:58:34 GMT" time="24.552" errors="0">
  <testcase name="testSignUp" time="24.552" classname="ru.st.selenium.SignUp"/>
</testsuite> <!-- ru.st.selenium.SignUp -->
