<?xml version="1.0" encoding="UTF-8"?>
<!-- Generated by org.testng.reporters.JUnitReportReporter -->
<testsuite hostname="komp-ой" name="ru.st.selenium.SignUp" tests="1" failures="0" timestamp="3 May 2013 14:40:36 GMT" time="26.823" errors="0">
  <testcase name="testSignUp" time="26.823" classname="ru.st.selenium.SignUp"/>
</testsuite> <!-- ru.st.selenium.SignUp -->
