<?xml version="1.0" encoding="UTF-8"?>
<!-- Generated by org.testng.reporters.JUnitReportReporter -->
<testsuite hostname="komp-ой" name="ru.st.selenium.pages.HomePageTest" tests="2" failures="0" timestamp="24 Apr 2013 13:57:32 GMT" time="0.429" errors="0">
  <testcase name="test2" time="0.002" classname="ru.st.selenium.pages.HomePageTest"/>
  <testcase name="testH1Existing" time="0.427" classname="ru.st.selenium.pages.HomePageTest"/>
</testsuite> <!-- ru.st.selenium.pages.HomePageTest -->
