<?xml version="1.0" encoding="UTF-8"?>
<!-- Generated by org.testng.reporters.JUnitReportReporter -->
<testsuite hostname="komp-ой" name="ru.st.selenium.ForgottenPassword" tests="1" failures="0" timestamp="3 May 2013 14:40:36 GMT" time="39.325" errors="0">
  <testcase name="testForgottenPassword" time="39.325" classname="ru.st.selenium.ForgottenPassword"/>
</testsuite> <!-- ru.st.selenium.ForgottenPassword -->
